Errors: 0
Errors: 0
Errors: 0
Errors: 0
Errors: 0
Errors: 0
Errors: 0
Errors: 0
Errors: 0
Errors: 0
Errors: 0
Errors: 0
Errors: 0
Errors: 0
Errors: 0
Errors: 0
Errors: 0
Errors: 0
Errors: 0
Errors: 0
Errors: 0
Errors: 0
Errors: 0
Errors: 0
Errors: 0
Errors: 0
Errors: 0
Errors: 0
Errors: 0
Errors: 0
Errors: 0
Errors: 0
Errors: 0
Errors: 0
Errors: 0
Errors: 0
Errors: 0
Errors: 0
Errors: 0
Errors: 0
Errors: 0
Errors: 0
Errors: 0
Errors: 0
Errors: 0
Errors: 0
Errors: 0
Errors: 0
Errors: 0
Errors: 0
Errors: 0
Errors: 0
Errors: 0
Errors: 0
Errors: 0
Errors: 0
Errors: 0
Errors: 0
Errors: 0
Errors: 0
Errors: 0
Errors: 0
Errors: 0
Errors: 0
Errors: 0
Errors: 0
Errors: 0
Errors: 0
Errors: 0
Errors: 0
Errors: 0
Errors: 0
Errors: 0
Errors: 0
Errors: 0
Errors: 0
Errors: 0
